2017-09-24 09:39:01Controller:app\Controller\IndexController  action:index
2017-09-24 09:43:00Controller:app\Controller\ResourceController  action:html
2017-09-24 09:57:32Controller:app\Controller\IndexController  action:index
2017-09-24 09:57:45Controller:app\Controller\IndexController  action:index
2017-09-24 09:57:45Controller:app\Controller\CssController  action:main.css
2017-09-24 09:57:45Controller:app\Controller\ImagesController  action:1.png
2017-09-24 09:57:45Controller:app\Controller\CssController  action:jquery.min.js
2017-09-24 09:57:45Controller:app\Controller\ImagesController  action:2.png
2017-09-24 09:57:45Controller:app\Controller\ImagesController  action:3.png
2017-09-24 09:57:45Controller:app\Controller\ImagesController  action:6.png
2017-09-24 09:57:45Controller:app\Controller\ImagesController  action:4.png
2017-09-24 09:57:45Controller:app\Controller\ImagesController  action:5.png
2017-09-24 09:57:45Controller:app\Controller\ImagesController  action:8.png
2017-09-24 09:57:45Controller:app\Controller\ImagesController  action:9.jpg
2017-09-24 09:57:45Controller:app\Controller\ImagesController  action:7.png
2017-09-24 09:58:36Controller:app\Controller\IndexController  action:index
2017-09-24 09:58:36Controller:app\Controller\CssController  action:main.css
2017-09-24 09:58:36Controller:app\Controller\ImagesController  action:1.png
2017-09-24 09:58:36Controller:app\Controller\CssController  action:jquery.min.js
2017-09-24 09:58:36Controller:app\Controller\ImagesController  action:4.png
2017-09-24 09:58:36Controller:app\Controller\ImagesController  action:5.png
2017-09-24 09:58:36Controller:app\Controller\ImagesController  action:2.png
2017-09-24 09:58:36Controller:app\Controller\ImagesController  action:7.png
2017-09-24 09:58:36Controller:app\Controller\ImagesController  action:6.png
2017-09-24 09:58:36Controller:app\Controller\ImagesController  action:8.png
2017-09-24 09:58:36Controller:app\Controller\ImagesController  action:9.jpg
2017-09-24 09:58:52Controller:app\Controller\IndexController  action:index
2017-09-24 09:58:52Controller:app\Controller\CssController  action:main.css
2017-09-24 09:58:52Controller:app\Controller\CssController  action:jquery.min.js
2017-09-24 09:58:59Controller:app\Controller\IndexController  action:index
2017-09-24 09:58:59Controller:app\Controller\CssController  action:main.css
2017-09-24 09:58:59Controller:app\Controller\CssController  action:jquery.min.js
2017-09-24 09:59:33Controller:app\Controller\IndexController  action:index
2017-09-24 09:59:33Controller:app\Controller\CssController  action:main.css
2017-09-24 09:59:43Controller:app\Controller\IndexController  action:index
2017-09-24 09:59:43Controller:app\Controller\CssController  action:main.css
2017-09-24 10:00:02Controller:app\Controller\IndexController  action:index
2017-09-24 10:01:43Controller:app\Controller\IndexController  action:index
2017-09-24 10:01:53Controller:app\Controller\Contact.phpController  action:index
2017-09-24 10:03:56Controller:app\Controller\IndexController  action:index
2017-09-24 10:04:01Controller:app\Controller\IndexController  action:message
2017-09-24 10:04:10Controller:app\Controller\IndexController  action:message
2017-09-24 10:04:18Controller:app\Controller\IndexController  action:message
2017-09-24 10:04:42Controller:app\Controller\IndexController  action:message
2017-09-24 10:04:44Controller:app\Controller\IndexController  action:index
2017-09-24 10:09:47Controller:app\Controller\IndexController  action:index
2017-09-24 10:10:18Controller:app\Controller\IndexController  action:index
2017-09-24 10:10:19Controller:app\Controller\IndexController  action:submitContect
2017-09-24 10:10:43Controller:app\Controller\IndexController  action:index
2017-09-24 10:10:46Controller:app\Controller\IndexController  action:index
2017-09-24 10:10:54Controller:app\Controller\IndexController  action:submitContect
2017-09-24 10:14:34Controller:app\Controller\IndexController  action:index
2017-09-24 10:14:41Controller:app\Controller\IndexController  action:submitContect
2017-09-24 10:15:14Controller:app\Controller\IndexController  action:index
2017-09-24 10:15:19Controller:app\Controller\IndexController  action:submitContect
2017-09-24 10:15:27Controller:app\Controller\IndexController  action:submitContect
2017-09-24 10:15:35Controller:app\Controller\IndexController  action:submitContect
2017-09-24 10:15:41Controller:app\Controller\IndexController  action:submitContect
2017-09-24 10:15:54Controller:app\Controller\IndexController  action:submitContect
2017-09-24 10:16:18Controller:app\Controller\IndexController  action:submitContect
2017-09-24 10:16:21Controller:app\Controller\IndexController  action:index
2017-09-24 10:17:31Controller:app\Controller\AdminController  action:index
2017-09-24 10:17:31Controller:app\Controller\CommonController  action:login
2017-09-24 10:19:45Controller:app\Controller\CommonController  action:login
2017-09-24 10:19:45Controller:app\Controller\ResourceController  action:images
2017-09-24 10:19:45Controller:app\Controller\ResourceController  action:images
2017-09-24 10:19:55Controller:app\Controller\CommonController  action:login
2017-09-24 10:19:56Controller:app\Controller\ResourceController  action:images
2017-09-24 10:20:37Controller:app\Controller\CommonController  action:login
2017-09-24 10:21:36Controller:app\Controller\CommonController  action:login
2017-09-24 10:21:37Controller:app\Controller\AdminController  action:index
2017-09-24 10:21:48Controller:app\Controller\AdminController  action:index
2017-09-24 10:21:50Controller:app\Controller\UserController  action:index
2017-09-24 10:21:52Controller:app\Controller\AdminController  action:orderList
2017-09-24 10:21:56Controller:app\Controller\IndexController  action:message
2017-09-24 10:24:48Controller:app\Controller\IndexController  action:message
2017-09-24 10:24:53Controller:app\Controller\IndexController  action:board
2017-09-24 10:25:01Controller:app\Controller\IndexController  action:board
2017-09-24 10:25:20Controller:app\Controller\IndexController  action:board
2017-09-24 10:25:21Controller:app\Controller\IndexController  action:board
2017-09-24 10:31:10Controller:app\Controller\IndexController  action:board
2017-09-24 10:31:18Controller:app\Controller\IndexController  action:board
2017-09-24 10:31:20Controller:app\Controller\IndexController  action:board
2017-09-24 10:36:17Controller:app\Controller\AdminController  action:orderList
2017-09-24 10:36:19Controller:app\Controller\AdminController  action:board
2017-09-24 10:36:40Controller:app\Controller\AdminController  action:board
2017-09-24 10:36:48Controller:app\Controller\BoardController  action:index
2017-09-24 10:36:50Controller:app\Controller\BoardController  action:index
2017-09-24 10:39:36Controller:app\Controller\BoardController  action:index
2017-09-24 10:41:06Controller:app\Controller\BoardController  action:index
2017-09-24 10:41:10Controller:app\Controller\AdminController  action:orderList
2017-09-24 10:49:32Controller:app\Controller\AdminController  action:orderList
2017-09-24 10:49:42Controller:app\Controller\BoardController  action:index
2017-09-24 10:52:04Controller:app\Controller\BoardController  action:index
2017-09-24 10:52:11Controller:app\Controller\AdminController  action:deleteOrderByIds
2017-09-24 10:52:36Controller:app\Controller\BoardController  action:index
2017-09-24 10:52:37Controller:app\Controller\BoardController  action:index
2017-09-24 10:52:40Controller:app\Controller\BoardController  action:deleteBoardByIds
2017-09-24 10:53:24Controller:app\Controller\BoardController  action:deleteBoardByIds
2017-09-24 10:53:25Controller:app\Controller\BoardController  action:index
2017-09-24 10:54:14Controller:app\Controller\BoardController  action:index
2017-09-24 10:54:16Controller:app\Controller\BoardController  action:deleteBoardByIds
2017-09-24 10:54:16Controller:app\Controller\BoardController  action:index
2017-09-24 10:55:16Controller:app\Controller\BoardController  action:index
2017-09-24 10:55:37Controller:app\Controller\BoardController  action:deleteBoardByIds
2017-09-24 10:56:55Controller:app\Controller\BoardController  action:deleteBoardByIds
2017-09-24 10:56:55Controller:app\Controller\BoardController  action:index
2017-09-24 10:58:29Controller:app\Controller\IndexController  action:board
2017-09-24 10:58:30Controller:app\Controller\IndexController  action:board
2017-09-24 10:58:33Controller:app\Controller\BoardController  action:index
2017-09-24 10:58:39Controller:app\Controller\IndexController  action:board
2017-09-24 10:58:41Controller:app\Controller\IndexController  action:board
2017-09-24 10:58:44Controller:app\Controller\BoardController  action:index
2017-09-24 10:58:49Controller:app\Controller\BoardController  action:deleteBoardByIds
2017-09-24 10:58:49Controller:app\Controller\BoardController  action:index
2017-09-24 10:59:22Controller:app\Controller\AdminController  action:orderList
2017-09-24 10:59:38Controller:app\Controller\IndexController  action:index
2017-09-24 10:59:51Controller:app\Controller\IndexController  action:submitContect
2017-09-24 10:59:54Controller:app\Controller\IndexController  action:index
2017-09-24 11:00:08Controller:app\Controller\AdminController  action:orderList
2017-09-24 11:01:13Controller:app\Controller\AdminController  action:orderList
2017-09-24 11:01:58Controller:app\Controller\AdminController  action:orderList
2017-09-24 11:02:07Controller:app\Controller\AdminController  action:orderList
2017-09-24 11:02:16Controller:app\Controller\AdminController  action:orderList
2017-09-24 11:02:58Controller:app\Controller\AdminController  action:orderList
2017-09-24 11:03:32Controller:app\Controller\AdminController  action:orderList
2017-09-24 11:04:45Controller:app\Controller\AdminController  action:orderList
2017-09-24 11:07:04Controller:app\Controller\AdminController  action:orderList
2017-09-24 11:07:06Controller:app\Controller\BoardController  action:index
2017-09-24 11:07:11Controller:app\Controller\AdminController  action:orderList
2017-09-24 11:09:24Controller:app\Controller\AdminController  action:orderList
2017-09-24 11:09:34Controller:app\Controller\AdminController  action:orderList
2017-09-24 11:09:44Controller:app\Controller\AdminController  action:orderList
2017-09-24 11:10:19Controller:app\Controller\AdminController  action:orderList
2017-09-24 11:12:17Controller:app\Controller\AdminController  action:downloadOrder
2017-09-24 11:14:00Controller:app\Controller\AdminController  action:orderList
2017-09-24 11:16:58Controller:app\Controller\AdminController  action:orderList
2017-09-24 11:17:11Controller:app\Controller\AdminController  action:orderList
2017-09-24 11:17:15Controller:app\Controller\AdminController  action:downloadOrder
2017-09-24 11:17:36Controller:app\Controller\AdminController  action:orderList
2017-09-24 11:17:54Controller:app\Controller\AdminController  action:orderList
2017-09-24 11:18:04Controller:app\Controller\AdminController  action:orderList
2017-09-24 11:18:21Controller:app\Controller\AdminController  action:orderList
2017-09-24 11:18:42Controller:app\Controller\AdminController  action:orderList
2017-09-24 11:19:25Controller:app\Controller\AdminController  action:orderList
2017-09-24 11:20:06Controller:app\Controller\AdminController  action:orderList
2017-09-24 11:20:16Controller:app\Controller\AdminController  action:orderList
2017-09-24 11:20:22Controller:app\Controller\AdminController  action:orderList
2017-09-24 11:20:28Controller:app\Controller\AdminController  action:orderList
2017-09-24 11:20:34Controller:app\Controller\AdminController  action:orderList
2017-09-24 11:20:48Controller:app\Controller\AdminController  action:orderList
2017-09-24 11:20:52Controller:app\Controller\AdminController  action:orderList
2017-09-24 11:21:16Controller:app\Controller\AdminController  action:orderList
2017-09-24 11:21:27Controller:app\Controller\AdminController  action:orderList
2017-09-24 11:21:33Controller:app\Controller\AdminController  action:orderList
2017-09-24 11:21:45Controller:app\Controller\AdminController  action:orderList
2017-09-24 11:22:46Controller:app\Controller\AdminController  action:orderList
2017-09-24 11:22:52Controller:app\Controller\AdminController  action:orderList
2017-09-24 11:23:29Controller:app\Controller\AdminController  action:orderList
2017-09-24 11:23:39Controller:app\Controller\AdminController  action:orderList
2017-09-24 11:23:46Controller:app\Controller\AdminController  action:orderList
2017-09-24 11:23:49Controller:app\Controller\AdminController  action:orderList
2017-09-24 11:23:55Controller:app\Controller\AdminController  action:orderList
2017-09-24 11:23:57Controller:app\Controller\AdminController  action:downloadOrder
2017-09-24 11:24:25Controller:app\Controller\BoardController  action:index
2017-09-24 11:24:29Controller:app\Controller\IndexController  action:board
2017-09-24 11:24:54Controller:app\Controller\IndexController  action:board
2017-09-24 11:24:56Controller:app\Controller\IndexController  action:board
2017-09-24 11:24:58Controller:app\Controller\BoardController  action:index
2017-09-24 11:26:58Controller:app\Controller\BoardController  action:index
2017-09-24 11:27:00Controller:app\Controller\BoardController  action:index
2017-09-24 11:28:16Controller:app\Controller\BoardController  action:index
2017-09-24 11:28:57Controller:app\Controller\BoardController  action:index
2017-09-24 11:29:58Controller:app\Controller\BoardController  action:index
2017-09-24 11:30:30Controller:app\Controller\BoardController  action:index
2017-09-24 11:30:38Controller:app\Controller\BoardController  action:index
2017-09-24 11:31:03Controller:app\Controller\IndexController  action:board
2017-09-24 11:31:05Controller:app\Controller\IndexController  action:board
2017-09-24 11:31:07Controller:app\Controller\BoardController  action:index
2017-09-24 11:31:15Controller:app\Controller\BoardController  action:index
2017-09-24 11:31:26Controller:app\Controller\BoardController  action:index
2017-09-24 11:34:33Controller:app\Controller\BoardController  action:index
2017-09-24 11:34:40Controller:app\Controller\BoardController  action:index
2017-09-24 11:34:41Controller:app\Controller\BoardController  action:downloadBoard
2017-09-24 11:35:01Controller:app\Controller\BoardController  action:downloadBoard
2017-09-24 11:36:43Controller:app\Controller\BoardController  action:downloadBoard
2017-09-24 11:37:11Controller:app\Controller\BoardController  action:index
2017-09-24 11:38:06Controller:app\Controller\BoardController  action:index
2017-09-24 11:38:16Controller:app\Controller\BoardController  action:index
2017-09-24 11:38:19Controller:app\Controller\BoardController  action:downloadBoard
2017-09-24 11:38:30Controller:app\Controller\BoardController  action:index
2017-09-24 11:39:10Controller:app\Controller\AdminController  action:orderList
2017-09-24 11:39:20Controller:app\Controller\AdminController  action:orderList
2017-09-24 11:39:22Controller:app\Controller\BoardController  action:index
2017-09-24 11:39:22Controller:app\Controller\AdminController  action:orderList
2017-09-24 11:39:23Controller:app\Controller\UserController  action:index
2017-09-24 11:39:43Controller:app\Controller\AdminController  action:orderList
2017-09-24 11:39:44Controller:app\Controller\UserController  action:index
2017-09-24 11:39:45Controller:app\Controller\BoardController  action:index
2017-09-24 11:39:46Controller:app\Controller\AdminController  action:orderList
2017-09-24 11:39:47Controller:app\Controller\BoardController  action:index
2017-09-24 11:39:48Controller:app\Controller\AdminController  action:orderList
2017-09-24 11:39:49Controller:app\Controller\BoardController  action:index
2017-09-24 11:39:49Controller:app\Controller\AdminController  action:orderList
2017-09-24 11:39:50Controller:app\Controller\BoardController  action:index
2017-09-24 11:39:51Controller:app\Controller\AdminController  action:orderList
2017-09-24 11:39:52Controller:app\Controller\AdminController  action:orderList
2017-09-24 16:21:06Controller:app\Controller\IndexController  action:index
2017-09-24 16:21:12Controller:app\Controller\AdminController  action:index
2017-09-24 16:21:13Controller:app\Controller\CommonController  action:login
2017-09-24 16:21:19Controller:app\Controller\CommonController  action:login
2017-09-24 16:21:20Controller:app\Controller\AdminController  action:index
2017-09-24 16:21:22Controller:app\Controller\AdminController  action:orderList
2017-09-24 16:23:28Controller:app\Controller\BoardController  action:index
2017-09-24 16:24:49Controller:app\Controller\BoardController  action:index
2017-09-24 16:26:06Controller:app\Controller\BoardController  action:index
2017-09-24 16:26:15Controller:app\Controller\BoardController  action:index
2017-09-24 16:26:23Controller:app\Controller\AdminController  action:orderList
2017-09-24 16:26:24Controller:app\Controller\BoardController  action:index
2017-09-24 16:26:26Controller:app\Controller\AdminController  action:orderList
2017-09-24 16:26:30Controller:app\Controller\BoardController  action:index
2017-09-24 16:26:44Controller:app\Controller\BoardController  action:index
2017-09-24 16:26:49Controller:app\Controller\BoardController  action:downloadBoard
2017-09-24 16:26:53Controller:app\Controller\BoardController  action:index
2017-09-24 16:26:58Controller:app\Controller\AdminController  action:orderList
2017-09-24 16:27:07Controller:app\Controller\AdminController  action:orderList
2017-09-24 16:27:07Controller:app\Controller\AdminController  action:orderList
2017-09-24 16:27:07Controller:app\Controller\AdminController  action:orderList
2017-09-24 16:27:08Controller:app\Controller\AdminController  action:orderList
2017-09-24 16:27:23Controller:app\Controller\AdminController  action:orderList
2017-09-24 16:29:03Controller:app\Controller\AdminController  action:index
2017-09-24 16:29:05Controller:app\Controller\AdminController  action:orderList
2017-09-24 16:29:15Controller:app\Controller\AdminController  action:orderList
2017-09-24 16:29:20Controller:app\Controller\AdminController  action:downloadOrder
